Determining if the pthread_create exist failed with the following output:
Change Dir: /home/runner/t02-try-c-turtle-team-4/.berea/build/CMakeFiles/CMakeTmp

Run Build Command:"/usr/bin/make" "cmTC_babc4/fast"
/usr/bin/make -f CMakeFiles/cmTC_babc4.dir/build.make CMakeFiles/cmTC_babc4.dir/build
make[1]: Entering directory '/home/runner/t02-try-c-turtle-team-4/.berea/build/CMakeFiles/CMakeTmp'
Building C object CMakeFiles/cmTC_babc4.dir/CheckSymbolExists.c.o
/usr/bin/cc    -o CMakeFiles/cmTC_babc4.dir/CheckSymbolExists.c.o   -c /home/runner/t02-try-c-turtle-team-4/.berea/build/CMakeFiles/CMakeTmp/CheckSymbolExists.c
Linking C executable cmTC_babc4
/usr/bin/cmake -E cmake_link_script CMakeFiles/cmTC_babc4.dir/link.txt --verbose=1
/usr/bin/cc      CMakeFiles/cmTC_babc4.dir/CheckSymbolExists.c.o  -o cmTC_babc4 
CMakeFiles/cmTC_babc4.dir/CheckSymbolExists.c.o: In function `main':
CheckSymbolExists.c:(.text+0x1b): undefined reference to `pthread_create'
collect2: error: ld returned 1 exit status
CMakeFiles/cmTC_babc4.dir/build.make:97: recipe for target 'cmTC_babc4' failed
make[1]: *** [cmTC_babc4] Error 1
make[1]: Leaving directory '/home/runner/t02-try-c-turtle-team-4/.berea/build/CMakeFiles/CMakeTmp'
Makefile:126: recipe for target 'cmTC_babc4/fast' failed
make: *** [cmTC_babc4/fast] Error 2

File /home/runner/t02-try-c-turtle-team-4/.berea/build/CMakeFiles/CMakeTmp/CheckSymbolExists.c:
/* */
#include <pthread.h>

int main(int argc, char** argv)
{
  (void)argv;
#ifndef pthread_create
  return ((int*)(&pthread_create))[argc];
#else
  (void)argc;
  return 0;
#endif
}

Determining if the function pthread_create exists in the pthreads failed with the following output:
Change Dir: /home/runner/t02-try-c-turtle-team-4/.berea/build/CMakeFiles/CMakeTmp

Run Build Command:"/usr/bin/make" "cmTC_4c5b3/fast"
/usr/bin/make -f CMakeFiles/cmTC_4c5b3.dir/build.make CMakeFiles/cmTC_4c5b3.dir/build
make[1]: Entering directory '/home/runner/t02-try-c-turtle-team-4/.berea/build/CMakeFiles/CMakeTmp'
Building C object CMakeFiles/cmTC_4c5b3.dir/CheckFunctionExists.c.o
/usr/bin/cc   -DCHECK_FUNCTION_EXISTS=pthread_create   -o CMakeFiles/cmTC_4c5b3.dir/CheckFunctionExists.c.o   -c /usr/share/cmake-3.10/Modules/CheckFunctionExists.c
Linking C executable cmTC_4c5b3
/usr/bin/cmake -E cmake_link_script CMakeFiles/cmTC_4c5b3.dir/link.txt --verbose=1
/usr/bin/cc  -DCHECK_FUNCTION_EXISTS=pthread_create    CMakeFiles/cmTC_4c5b3.dir/CheckFunctionExists.c.o  -o cmTC_4c5b3 -lpthreads 
/usr/bin/ld: cannot find -lpthreads
collect2: error: ld returned 1 exit status
CMakeFiles/cmTC_4c5b3.dir/build.make:97: recipe for target 'cmTC_4c5b3' failed
make[1]: *** [cmTC_4c5b3] Error 1
make[1]: Leaving directory '/home/runner/t02-try-c-turtle-team-4/.berea/build/CMakeFiles/CMakeTmp'
Makefile:126: recipe for target 'cmTC_4c5b3/fast' failed
make: *** [cmTC_4c5b3/fast] Error 2


